<?xml version="1.0" encoding="UTF-8"?>
<?totaltestVersion 19.6.2.v20191015-0349_130?>
<!--Topaz for Total Test 19.6.2.v20191015-0349_130 14-Nov-2019 12:28:05-->
<testsuites>
  <testsuite errors="0" failures="0" name="DEMO - IT.CWXTCOBG_Scenario.00001: CWXTCOBGCase1" tests="3">
    <testcase classname="DEMO - IT.CWXTCOBG_Scenario.00001: CWXTCOBGCase1" name="00001: Check for RETURN_CODE"/>
    <testcase classname="DEMO - IT.CWXTCOBG_Scenario.00001: CWXTCOBGCase1" name="00002: Check for PARM_LTH"/>
    <testcase classname="DEMO - IT.CWXTCOBG_Scenario.00001: CWXTCOBGCase1" name="00003: Check for PARM_DATA"/>
  </testsuite>
  <testsuite errors="0" failures="0" name="DEMO - IT.CWXTCOBG_Scenario.00001: CWXTCOBGCase1.CWXTCOBG_RPTFILE_FILE_01.00001: RPTFILE assertion" tests="1">
    <testcase classname="DEMO - IT.CWXTCOBG_Scenario.00001: CWXTCOBGCase1.CWXTCOBG_RPTFILE_FILE_01.00001: RPTFILE assertion" name="00001: Check for BLANK_LINE"/>
  </testsuite>
  <testsuite errors="0" failures="0" name="DEMO - IT.CWXTCOBG_Scenario.00001: CWXTCOBGCase1.CWXTCOBG_RPTFILE_FILE_01.00002: RPTFILE assertion" tests="2">
    <testcase classname="DEMO - IT.CWXTCOBG_Scenario.00001: CWXTCOBGCase1.CWXTCOBG_RPTFILE_FILE_01.00002: RPTFILE assertion" name="00001: Check for BLANK_LINE"/>
  </testsuite>
  <testsuite errors="0" failures="0" name="DEMO - IT.CWXTCOBG_Scenario.00001: CWXTCOBGCase1.CWXTCOBG_RPTFILE_FILE_01.00003: RPTFILE assertion" tests="3">
    <testcase classname="DEMO - IT.CWXTCOBG_Scenario.00001: CWXTCOBGCase1.CWXTCOBG_RPTFILE_FILE_01.00003: RPTFILE assertion" name="00001: Check for BLANK_LINE"/>
  </testsuite>
  <testsuite errors="0" failures="0" name="DEMO - IT.CWXTCOBG_Scenario.00001: CWXTCOBGCase1.CWXTCOBG_RPTFILE_FILE_01.00004: RPTFILE assertion" tests="15">
    <testcase classname="DEMO - IT.CWXTCOBG_Scenario.00001: CWXTCOBGCase1.CWXTCOBG_RPTFILE_FILE_01.00004: RPTFILE assertion" name="00001: Check for FILLER0"/>
    <testcase classname="DEMO - IT.CWXTCOBG_Scenario.00001: CWXTCOBGCase1.CWXTCOBG_RPTFILE_FILE_01.00004: RPTFILE assertion" name="00002: Check for FILLER1"/>
    <testcase classname="DEMO - IT.CWXTCOBG_Scenario.00001: CWXTCOBGCase1.CWXTCOBG_RPTFILE_FILE_01.00004: RPTFILE assertion" name="00003: Check for EMP_RUN_MM"/>
    <testcase classname="DEMO - IT.CWXTCOBG_Scenario.00001: CWXTCOBGCase1.CWXTCOBG_RPTFILE_FILE_01.00004: RPTFILE assertion" name="00004: Check for FILLER2"/>
    <testcase classname="DEMO - IT.CWXTCOBG_Scenario.00001: CWXTCOBGCase1.CWXTCOBG_RPTFILE_FILE_01.00004: RPTFILE assertion" name="00005: Check for EMP_RUN_DD"/>
    <testcase classname="DEMO - IT.CWXTCOBG_Scenario.00001: CWXTCOBGCase1.CWXTCOBG_RPTFILE_FILE_01.00004: RPTFILE assertion" name="00006: Check for FILLER3"/>
    <testcase classname="DEMO - IT.CWXTCOBG_Scenario.00001: CWXTCOBGCase1.CWXTCOBG_RPTFILE_FILE_01.00004: RPTFILE assertion" name="00007: Check for EMP_RUN_YY"/>
    <testcase classname="DEMO - IT.CWXTCOBG_Scenario.00001: CWXTCOBGCase1.CWXTCOBG_RPTFILE_FILE_01.00004: RPTFILE assertion" name="00008: Check for FILLER4"/>
    <testcase classname="DEMO - IT.CWXTCOBG_Scenario.00001: CWXTCOBGCase1.CWXTCOBG_RPTFILE_FILE_01.00004: RPTFILE assertion" name="00009: Check for FILLER5"/>
    <testcase classname="DEMO - IT.CWXTCOBG_Scenario.00001: CWXTCOBGCase1.CWXTCOBG_RPTFILE_FILE_01.00004: RPTFILE assertion" name="00010: Check for FILLER6"/>
    <testcase classname="DEMO - IT.CWXTCOBG_Scenario.00001: CWXTCOBGCase1.CWXTCOBG_RPTFILE_FILE_01.00004: RPTFILE assertion" name="00011: Check for FILLER7"/>
    <testcase classname="DEMO - IT.CWXTCOBG_Scenario.00001: CWXTCOBGCase1.CWXTCOBG_RPTFILE_FILE_01.00004: RPTFILE assertion" name="00012: Check for EMP_PAGE"/>
  </testsuite>
  <testsuite errors="0" failures="0" name="DEMO - IT.CWXTCOBG_Scenario.00001: CWXTCOBGCase1.CWXTCOBG_RPTFILE_FILE_01.00005: RPTFILE assertion" tests="16">
    <testcase classname="DEMO - IT.CWXTCOBG_Scenario.00001: CWXTCOBGCase1.CWXTCOBG_RPTFILE_FILE_01.00005: RPTFILE assertion" name="00001: Check for BLANK_LINE"/>
  </testsuite>
  <testsuite errors="0" failures="0" name="DEMO - IT.CWXTCOBG_Scenario.00001: CWXTCOBGCase1.CWXTCOBG_RPTFILE_FILE_01.00006: RPTFILE assertion" tests="17">
    <testcase classname="DEMO - IT.CWXTCOBG_Scenario.00001: CWXTCOBGCase1.CWXTCOBG_RPTFILE_FILE_01.00006: RPTFILE assertion" name="00001: Check for BLANK_LINE"/>
  </testsuite>
  <testsuite errors="0" failures="0" name="DEMO - IT.CWXTCOBG_Scenario.00001: CWXTCOBGCase1.CWXTCOBG_RPTFILE_FILE_01.00007: RPTFILE assertion" tests="22">
    <testcase classname="DEMO - IT.CWXTCOBG_Scenario.00001: CWXTCOBGCase1.CWXTCOBG_RPTFILE_FILE_01.00007: RPTFILE assertion" name="00001: Check for FILLER0"/>
    <testcase classname="DEMO - IT.CWXTCOBG_Scenario.00001: CWXTCOBGCase1.CWXTCOBG_RPTFILE_FILE_01.00007: RPTFILE assertion" name="00002: Check for FILLER1"/>
    <testcase classname="DEMO - IT.CWXTCOBG_Scenario.00001: CWXTCOBGCase1.CWXTCOBG_RPTFILE_FILE_01.00007: RPTFILE assertion" name="00003: Check for FILLER2"/>
    <testcase classname="DEMO - IT.CWXTCOBG_Scenario.00001: CWXTCOBGCase1.CWXTCOBG_RPTFILE_FILE_01.00007: RPTFILE assertion" name="00004: Check for FILLER3"/>
    <testcase classname="DEMO - IT.CWXTCOBG_Scenario.00001: CWXTCOBGCase1.CWXTCOBG_RPTFILE_FILE_01.00007: RPTFILE assertion" name="00005: Check for FILLER4"/>
  </testsuite>
  <testsuite errors="0" failures="0" name="DEMO - IT.CWXTCOBG_Scenario.00001: CWXTCOBGCase1.CWXTCOBG_RPTFILE_FILE_01.00008: RPTFILE assertion" tests="40">
    <testcase classname="DEMO - IT.CWXTCOBG_Scenario.00001: CWXTCOBGCase1.CWXTCOBG_RPTFILE_FILE_01.00008: RPTFILE assertion" name="00001: Check for FILLER0"/>
    <testcase classname="DEMO - IT.CWXTCOBG_Scenario.00001: CWXTCOBGCase1.CWXTCOBG_RPTFILE_FILE_01.00008: RPTFILE assertion" name="00002: Check for FILLER1"/>
    <testcase classname="DEMO - IT.CWXTCOBG_Scenario.00001: CWXTCOBGCase1.CWXTCOBG_RPTFILE_FILE_01.00008: RPTFILE assertion" name="00003: Check for FILLER2"/>
    <testcase classname="DEMO - IT.CWXTCOBG_Scenario.00001: CWXTCOBGCase1.CWXTCOBG_RPTFILE_FILE_01.00008: RPTFILE assertion" name="00004: Check for FILLER3"/>
    <testcase classname="DEMO - IT.CWXTCOBG_Scenario.00001: CWXTCOBGCase1.CWXTCOBG_RPTFILE_FILE_01.00008: RPTFILE assertion" name="00005: Check for FILLER4"/>
    <testcase classname="DEMO - IT.CWXTCOBG_Scenario.00001: CWXTCOBGCase1.CWXTCOBG_RPTFILE_FILE_01.00008: RPTFILE assertion" name="00006: Check for FILLER5"/>
    <testcase classname="DEMO - IT.CWXTCOBG_Scenario.00001: CWXTCOBGCase1.CWXTCOBG_RPTFILE_FILE_01.00008: RPTFILE assertion" name="00007: Check for FILLER6"/>
    <testcase classname="DEMO - IT.CWXTCOBG_Scenario.00001: CWXTCOBGCase1.CWXTCOBG_RPTFILE_FILE_01.00008: RPTFILE assertion" name="00008: Check for FILLER7"/>
    <testcase classname="DEMO - IT.CWXTCOBG_Scenario.00001: CWXTCOBGCase1.CWXTCOBG_RPTFILE_FILE_01.00008: RPTFILE assertion" name="00009: Check for FILLER8"/>
    <testcase classname="DEMO - IT.CWXTCOBG_Scenario.00001: CWXTCOBGCase1.CWXTCOBG_RPTFILE_FILE_01.00008: RPTFILE assertion" name="00010: Check for FILLER9"/>
    <testcase classname="DEMO - IT.CWXTCOBG_Scenario.00001: CWXTCOBGCase1.CWXTCOBG_RPTFILE_FILE_01.00008: RPTFILE assertion" name="00011: Check for FILLER10"/>
    <testcase classname="DEMO - IT.CWXTCOBG_Scenario.00001: CWXTCOBGCase1.CWXTCOBG_RPTFILE_FILE_01.00008: RPTFILE assertion" name="00012: Check for FILLER11"/>
    <testcase classname="DEMO - IT.CWXTCOBG_Scenario.00001: CWXTCOBGCase1.CWXTCOBG_RPTFILE_FILE_01.00008: RPTFILE assertion" name="00013: Check for FILLER12"/>
    <testcase classname="DEMO - IT.CWXTCOBG_Scenario.00001: CWXTCOBGCase1.CWXTCOBG_RPTFILE_FILE_01.00008: RPTFILE assertion" name="00014: Check for FILLER13"/>
    <testcase classname="DEMO - IT.CWXTCOBG_Scenario.00001: CWXTCOBGCase1.CWXTCOBG_RPTFILE_FILE_01.00008: RPTFILE assertion" name="00015: Check for FILLER14"/>
    <testcase classname="DEMO - IT.CWXTCOBG_Scenario.00001: CWXTCOBGCase1.CWXTCOBG_RPTFILE_FILE_01.00008: RPTFILE assertion" name="00016: Check for FILLER15"/>
    <testcase classname="DEMO - IT.CWXTCOBG_Scenario.00001: CWXTCOBGCase1.CWXTCOBG_RPTFILE_FILE_01.00008: RPTFILE assertion" name="00017: Check for FILLER16"/>
    <testcase classname="DEMO - IT.CWXTCOBG_Scenario.00001: CWXTCOBGCase1.CWXTCOBG_RPTFILE_FILE_01.00008: RPTFILE assertion" name="00018: Check for FILLER17"/>
  </testsuite>
  <testsuite errors="0" failures="0" name="DEMO - IT.CWXTCOBG_Scenario.00001: CWXTCOBGCase1.CWXTCOBG_RPTFILE_FILE_01.00009: RPTFILE assertion" tests="41">
    <testcase classname="DEMO - IT.CWXTCOBG_Scenario.00001: CWXTCOBGCase1.CWXTCOBG_RPTFILE_FILE_01.00009: RPTFILE assertion" name="00001: Check for BLANK_LINE"/>
  </testsuite>
  <testsuite errors="0" failures="0" name="DEMO - IT.CWXTCOBG_Scenario.00001: CWXTCOBGCase1.CWXTCOBG_RPTFILE_FILE_01.00010: RPTFILE assertion" tests="63">
    <testcase classname="DEMO - IT.CWXTCOBG_Scenario.00001: CWXTCOBGCase1.CWXTCOBG_RPTFILE_FILE_01.00010: RPTFILE assertion" name="00001: Check for FILLER0"/>
    <testcase classname="DEMO - IT.CWXTCOBG_Scenario.00001: CWXTCOBGCase1.CWXTCOBG_RPTFILE_FILE_01.00010: RPTFILE assertion" name="00002: Check for EMP_DTL_NAME"/>
    <testcase classname="DEMO - IT.CWXTCOBG_Scenario.00001: CWXTCOBGCase1.CWXTCOBG_RPTFILE_FILE_01.00010: RPTFILE assertion" name="00003: Check for FILLER1"/>
    <testcase classname="DEMO - IT.CWXTCOBG_Scenario.00001: CWXTCOBGCase1.CWXTCOBG_RPTFILE_FILE_01.00010: RPTFILE assertion" name="00004: Check for EMP_DTL_REGION"/>
    <testcase classname="DEMO - IT.CWXTCOBG_Scenario.00001: CWXTCOBGCase1.CWXTCOBG_RPTFILE_FILE_01.00010: RPTFILE assertion" name="00005: Check for FILLER2"/>
    <testcase classname="DEMO - IT.CWXTCOBG_Scenario.00001: CWXTCOBGCase1.CWXTCOBG_RPTFILE_FILE_01.00010: RPTFILE assertion" name="00006: Check for EMP_DTL_TYPE"/>
    <testcase classname="DEMO - IT.CWXTCOBG_Scenario.00001: CWXTCOBGCase1.CWXTCOBG_RPTFILE_FILE_01.00010: RPTFILE assertion" name="00007: Check for FILLER3"/>
    <testcase classname="DEMO - IT.CWXTCOBG_Scenario.00001: CWXTCOBGCase1.CWXTCOBG_RPTFILE_FILE_01.00010: RPTFILE assertion" name="00008: Check for EMP_DTL_HIRE_MM"/>
    <testcase classname="DEMO - IT.CWXTCOBG_Scenario.00001: CWXTCOBGCase1.CWXTCOBG_RPTFILE_FILE_01.00010: RPTFILE assertion" name="00009: Check for EMP_DTL_SLASH1"/>
    <testcase classname="DEMO - IT.CWXTCOBG_Scenario.00001: CWXTCOBGCase1.CWXTCOBG_RPTFILE_FILE_01.00010: RPTFILE assertion" name="00010: Check for EMP_DTL_HIRE_DD"/>
    <testcase classname="DEMO - IT.CWXTCOBG_Scenario.00001: CWXTCOBGCase1.CWXTCOBG_RPTFILE_FILE_01.00010: RPTFILE assertion" name="00011: Check for EMP_DTL_SLASH2"/>
    <testcase classname="DEMO - IT.CWXTCOBG_Scenario.00001: CWXTCOBGCase1.CWXTCOBG_RPTFILE_FILE_01.00010: RPTFILE assertion" name="00012: Check for EMP_DTL_HIRE_YY"/>
    <testcase classname="DEMO - IT.CWXTCOBG_Scenario.00001: CWXTCOBGCase1.CWXTCOBG_RPTFILE_FILE_01.00010: RPTFILE assertion" name="00013: Check for FILLER4"/>
    <testcase classname="DEMO - IT.CWXTCOBG_Scenario.00001: CWXTCOBGCase1.CWXTCOBG_RPTFILE_FILE_01.00010: RPTFILE assertion" name="00014: Check for EMP_DTL_YRS_OF_SERVICE"/>
    <testcase classname="DEMO - IT.CWXTCOBG_Scenario.00001: CWXTCOBGCase1.CWXTCOBG_RPTFILE_FILE_01.00010: RPTFILE assertion" name="00015: Check for FILLER5"/>
    <testcase classname="DEMO - IT.CWXTCOBG_Scenario.00001: CWXTCOBGCase1.CWXTCOBG_RPTFILE_FILE_01.00010: RPTFILE assertion" name="00016: Check for EMP_DTL_WAGES"/>
    <testcase classname="DEMO - IT.CWXTCOBG_Scenario.00001: CWXTCOBGCase1.CWXTCOBG_RPTFILE_FILE_01.00010: RPTFILE assertion" name="00017: Check for FILLER6"/>
    <testcase classname="DEMO - IT.CWXTCOBG_Scenario.00001: CWXTCOBGCase1.CWXTCOBG_RPTFILE_FILE_01.00010: RPTFILE assertion" name="00018: Check for EMP_DTL_OT"/>
    <testcase classname="DEMO - IT.CWXTCOBG_Scenario.00001: CWXTCOBGCase1.CWXTCOBG_RPTFILE_FILE_01.00010: RPTFILE assertion" name="00019: Check for FILLER7"/>
    <testcase classname="DEMO - IT.CWXTCOBG_Scenario.00001: CWXTCOBGCase1.CWXTCOBG_RPTFILE_FILE_01.00010: RPTFILE assertion" name="00020: Check for EMP_DTL_COMM"/>
    <testcase classname="DEMO - IT.CWXTCOBG_Scenario.00001: CWXTCOBGCase1.CWXTCOBG_RPTFILE_FILE_01.00010: RPTFILE assertion" name="00021: Check for FILLER8"/>
    <testcase classname="DEMO - IT.CWXTCOBG_Scenario.00001: CWXTCOBGCase1.CWXTCOBG_RPTFILE_FILE_01.00010: RPTFILE assertion" name="00022: Check for EMP_DTL_TOTAL"/>
  </testsuite>
  <testsuite errors="0" failures="0" name="DEMO - IT.CWXTCOBG_Scenario.00001: CWXTCOBGCase1.CWXTCOBG_RPTFILE_FILE_01.00011: RPTFILE assertion" tests="85">
    <testcase classname="DEMO - IT.CWXTCOBG_Scenario.00001: CWXTCOBGCase1.CWXTCOBG_RPTFILE_FILE_01.00011: RPTFILE assertion" name="00001: Check for FILLER0"/>
    <testcase classname="DEMO - IT.CWXTCOBG_Scenario.00001: CWXTCOBGCase1.CWXTCOBG_RPTFILE_FILE_01.00011: RPTFILE assertion" name="00002: Check for EMP_DTL_NAME"/>
    <testcase classname="DEMO - IT.CWXTCOBG_Scenario.00001: CWXTCOBGCase1.CWXTCOBG_RPTFILE_FILE_01.00011: RPTFILE assertion" name="00003: Check for FILLER1"/>
    <testcase classname="DEMO - IT.CWXTCOBG_Scenario.00001: CWXTCOBGCase1.CWXTCOBG_RPTFILE_FILE_01.00011: RPTFILE assertion" name="00004: Check for EMP_DTL_REGION"/>
    <testcase classname="DEMO - IT.CWXTCOBG_Scenario.00001: CWXTCOBGCase1.CWXTCOBG_RPTFILE_FILE_01.00011: RPTFILE assertion" name="00005: Check for FILLER2"/>
    <testcase classname="DEMO - IT.CWXTCOBG_Scenario.00001: CWXTCOBGCase1.CWXTCOBG_RPTFILE_FILE_01.00011: RPTFILE assertion" name="00006: Check for EMP_DTL_TYPE"/>
    <testcase classname="DEMO - IT.CWXTCOBG_Scenario.00001: CWXTCOBGCase1.CWXTCOBG_RPTFILE_FILE_01.00011: RPTFILE assertion" name="00007: Check for FILLER3"/>
    <testcase classname="DEMO - IT.CWXTCOBG_Scenario.00001: CWXTCOBGCase1.CWXTCOBG_RPTFILE_FILE_01.00011: RPTFILE assertion" name="00008: Check for EMP_DTL_HIRE_MM"/>
    <testcase classname="DEMO - IT.CWXTCOBG_Scenario.00001: CWXTCOBGCase1.CWXTCOBG_RPTFILE_FILE_01.00011: RPTFILE assertion" name="00009: Check for EMP_DTL_SLASH1"/>
    <testcase classname="DEMO - IT.CWXTCOBG_Scenario.00001: CWXTCOBGCase1.CWXTCOBG_RPTFILE_FILE_01.00011: RPTFILE assertion" name="00010: Check for EMP_DTL_HIRE_DD"/>
    <testcase classname="DEMO - IT.CWXTCOBG_Scenario.00001: CWXTCOBGCase1.CWXTCOBG_RPTFILE_FILE_01.00011: RPTFILE assertion" name="00011: Check for EMP_DTL_SLASH2"/>
    <testcase classname="DEMO - IT.CWXTCOBG_Scenario.00001: CWXTCOBGCase1.CWXTCOBG_RPTFILE_FILE_01.00011: RPTFILE assertion" name="00012: Check for EMP_DTL_HIRE_YY"/>
    <testcase classname="DEMO - IT.CWXTCOBG_Scenario.00001: CWXTCOBGCase1.CWXTCOBG_RPTFILE_FILE_01.00011: RPTFILE assertion" name="00013: Check for FILLER4"/>
    <testcase classname="DEMO - IT.CWXTCOBG_Scenario.00001: CWXTCOBGCase1.CWXTCOBG_RPTFILE_FILE_01.00011: RPTFILE assertion" name="00014: Check for EMP_DTL_YRS_OF_SERVICE"/>
    <testcase classname="DEMO - IT.CWXTCOBG_Scenario.00001: CWXTCOBGCase1.CWXTCOBG_RPTFILE_FILE_01.00011: RPTFILE assertion" name="00015: Check for FILLER5"/>
    <testcase classname="DEMO - IT.CWXTCOBG_Scenario.00001: CWXTCOBGCase1.CWXTCOBG_RPTFILE_FILE_01.00011: RPTFILE assertion" name="00016: Check for EMP_DTL_WAGES"/>
    <testcase classname="DEMO - IT.CWXTCOBG_Scenario.00001: CWXTCOBGCase1.CWXTCOBG_RPTFILE_FILE_01.00011: RPTFILE assertion" name="00017: Check for FILLER6"/>
    <testcase classname="DEMO - IT.CWXTCOBG_Scenario.00001: CWXTCOBGCase1.CWXTCOBG_RPTFILE_FILE_01.00011: RPTFILE assertion" name="00018: Check for EMP_DTL_OT"/>
    <testcase classname="DEMO - IT.CWXTCOBG_Scenario.00001: CWXTCOBGCase1.CWXTCOBG_RPTFILE_FILE_01.00011: RPTFILE assertion" name="00019: Check for FILLER7"/>
    <testcase classname="DEMO - IT.CWXTCOBG_Scenario.00001: CWXTCOBGCase1.CWXTCOBG_RPTFILE_FILE_01.00011: RPTFILE assertion" name="00020: Check for EMP_DTL_COMM"/>
    <testcase classname="DEMO - IT.CWXTCOBG_Scenario.00001: CWXTCOBGCase1.CWXTCOBG_RPTFILE_FILE_01.00011: RPTFILE assertion" name="00021: Check for FILLER8"/>
    <testcase classname="DEMO - IT.CWXTCOBG_Scenario.00001: CWXTCOBGCase1.CWXTCOBG_RPTFILE_FILE_01.00011: RPTFILE assertion" name="00022: Check for EMP_DTL_TOTAL"/>
  </testsuite>
  <testsuite errors="0" failures="0" name="DEMO - IT.CWXTCOBG_Scenario.00001: CWXTCOBGCase1.CWXTCOBG_RPTFILE_FILE_01.00012: RPTFILE assertion" tests="107">
    <testcase classname="DEMO - IT.CWXTCOBG_Scenario.00001: CWXTCOBGCase1.CWXTCOBG_RPTFILE_FILE_01.00012: RPTFILE assertion" name="00001: Check for FILLER0"/>
    <testcase classname="DEMO - IT.CWXTCOBG_Scenario.00001: CWXTCOBGCase1.CWXTCOBG_RPTFILE_FILE_01.00012: RPTFILE assertion" name="00002: Check for EMP_DTL_NAME"/>
    <testcase classname="DEMO - IT.CWXTCOBG_Scenario.00001: CWXTCOBGCase1.CWXTCOBG_RPTFILE_FILE_01.00012: RPTFILE assertion" name="00003: Check for FILLER1"/>
    <testcase classname="DEMO - IT.CWXTCOBG_Scenario.00001: CWXTCOBGCase1.CWXTCOBG_RPTFILE_FILE_01.00012: RPTFILE assertion" name="00004: Check for EMP_DTL_REGION"/>
    <testcase classname="DEMO - IT.CWXTCOBG_Scenario.00001: CWXTCOBGCase1.CWXTCOBG_RPTFILE_FILE_01.00012: RPTFILE assertion" name="00005: Check for FILLER2"/>
    <testcase classname="DEMO - IT.CWXTCOBG_Scenario.00001: CWXTCOBGCase1.CWXTCOBG_RPTFILE_FILE_01.00012: RPTFILE assertion" name="00006: Check for EMP_DTL_TYPE"/>
    <testcase classname="DEMO - IT.CWXTCOBG_Scenario.00001: CWXTCOBGCase1.CWXTCOBG_RPTFILE_FILE_01.00012: RPTFILE assertion" name="00007: Check for FILLER3"/>
    <testcase classname="DEMO - IT.CWXTCOBG_Scenario.00001: CWXTCOBGCase1.CWXTCOBG_RPTFILE_FILE_01.00012: RPTFILE assertion" name="00008: Check for EMP_DTL_HIRE_MM"/>
    <testcase classname="DEMO - IT.CWXTCOBG_Scenario.00001: CWXTCOBGCase1.CWXTCOBG_RPTFILE_FILE_01.00012: RPTFILE assertion" name="00009: Check for EMP_DTL_SLASH1"/>
    <testcase classname="DEMO - IT.CWXTCOBG_Scenario.00001: CWXTCOBGCase1.CWXTCOBG_RPTFILE_FILE_01.00012: RPTFILE assertion" name="00010: Check for EMP_DTL_HIRE_DD"/>
    <testcase classname="DEMO - IT.CWXTCOBG_Scenario.00001: CWXTCOBGCase1.CWXTCOBG_RPTFILE_FILE_01.00012: RPTFILE assertion" name="00011: Check for EMP_DTL_SLASH2"/>
    <testcase classname="DEMO - IT.CWXTCOBG_Scenario.00001: CWXTCOBGCase1.CWXTCOBG_RPTFILE_FILE_01.00012: RPTFILE assertion" name="00012: Check for EMP_DTL_HIRE_YY"/>
    <testcase classname="DEMO - IT.CWXTCOBG_Scenario.00001: CWXTCOBGCase1.CWXTCOBG_RPTFILE_FILE_01.00012: RPTFILE assertion" name="00013: Check for FILLER4"/>
    <testcase classname="DEMO - IT.CWXTCOBG_Scenario.00001: CWXTCOBGCase1.CWXTCOBG_RPTFILE_FILE_01.00012: RPTFILE assertion" name="00014: Check for EMP_DTL_YRS_OF_SERVICE"/>
    <testcase classname="DEMO - IT.CWXTCOBG_Scenario.00001: CWXTCOBGCase1.CWXTCOBG_RPTFILE_FILE_01.00012: RPTFILE assertion" name="00015: Check for FILLER5"/>
    <testcase classname="DEMO - IT.CWXTCOBG_Scenario.00001: CWXTCOBGCase1.CWXTCOBG_RPTFILE_FILE_01.00012: RPTFILE assertion" name="00016: Check for EMP_DTL_WAGES"/>
    <testcase classname="DEMO - IT.CWXTCOBG_Scenario.00001: CWXTCOBGCase1.CWXTCOBG_RPTFILE_FILE_01.00012: RPTFILE assertion" name="00017: Check for FILLER6"/>
    <testcase classname="DEMO - IT.CWXTCOBG_Scenario.00001: CWXTCOBGCase1.CWXTCOBG_RPTFILE_FILE_01.00012: RPTFILE assertion" name="00018: Check for EMP_DTL_OT"/>
    <testcase classname="DEMO - IT.CWXTCOBG_Scenario.00001: CWXTCOBGCase1.CWXTCOBG_RPTFILE_FILE_01.00012: RPTFILE assertion" name="00019: Check for FILLER7"/>
    <testcase classname="DEMO - IT.CWXTCOBG_Scenario.00001: CWXTCOBGCase1.CWXTCOBG_RPTFILE_FILE_01.00012: RPTFILE assertion" name="00020: Check for EMP_DTL_COMM"/>
    <testcase classname="DEMO - IT.CWXTCOBG_Scenario.00001: CWXTCOBGCase1.CWXTCOBG_RPTFILE_FILE_01.00012: RPTFILE assertion" name="00021: Check for FILLER8"/>
    <testcase classname="DEMO - IT.CWXTCOBG_Scenario.00001: CWXTCOBGCase1.CWXTCOBG_RPTFILE_FILE_01.00012: RPTFILE assertion" name="00022: Check for EMP_DTL_TOTAL"/>
  </testsuite>
  <testsuite errors="0" failures="0" name="DEMO - IT.CWXTCOBG_Scenario.00001: CWXTCOBGCase1.CWXTCOBG_RPTFILE_FILE_01.00013: RPTFILE assertion" tests="129">
    <testcase classname="DEMO - IT.CWXTCOBG_Scenario.00001: CWXTCOBGCase1.CWXTCOBG_RPTFILE_FILE_01.00013: RPTFILE assertion" name="00001: Check for FILLER0"/>
    <testcase classname="DEMO - IT.CWXTCOBG_Scenario.00001: CWXTCOBGCase1.CWXTCOBG_RPTFILE_FILE_01.00013: RPTFILE assertion" name="00002: Check for EMP_DTL_NAME"/>
    <testcase classname="DEMO - IT.CWXTCOBG_Scenario.00001: CWXTCOBGCase1.CWXTCOBG_RPTFILE_FILE_01.00013: RPTFILE assertion" name="00003: Check for FILLER1"/>
    <testcase classname="DEMO - IT.CWXTCOBG_Scenario.00001: CWXTCOBGCase1.CWXTCOBG_RPTFILE_FILE_01.00013: RPTFILE assertion" name="00004: Check for EMP_DTL_REGION"/>
    <testcase classname="DEMO - IT.CWXTCOBG_Scenario.00001: CWXTCOBGCase1.CWXTCOBG_RPTFILE_FILE_01.00013: RPTFILE assertion" name="00005: Check for FILLER2"/>
    <testcase classname="DEMO - IT.CWXTCOBG_Scenario.00001: CWXTCOBGCase1.CWXTCOBG_RPTFILE_FILE_01.00013: RPTFILE assertion" name="00006: Check for EMP_DTL_TYPE"/>
    <testcase classname="DEMO - IT.CWXTCOBG_Scenario.00001: CWXTCOBGCase1.CWXTCOBG_RPTFILE_FILE_01.00013: RPTFILE assertion" name="00007: Check for FILLER3"/>
    <testcase classname="DEMO - IT.CWXTCOBG_Scenario.00001: CWXTCOBGCase1.CWXTCOBG_RPTFILE_FILE_01.00013: RPTFILE assertion" name="00008: Check for EMP_DTL_HIRE_MM"/>
    <testcase classname="DEMO - IT.CWXTCOBG_Scenario.00001: CWXTCOBGCase1.CWXTCOBG_RPTFILE_FILE_01.00013: RPTFILE assertion" name="00009: Check for EMP_DTL_SLASH1"/>
    <testcase classname="DEMO - IT.CWXTCOBG_Scenario.00001: CWXTCOBGCase1.CWXTCOBG_RPTFILE_FILE_01.00013: RPTFILE assertion" name="00010: Check for EMP_DTL_HIRE_DD"/>
    <testcase classname="DEMO - IT.CWXTCOBG_Scenario.00001: CWXTCOBGCase1.CWXTCOBG_RPTFILE_FILE_01.00013: RPTFILE assertion" name="00011: Check for EMP_DTL_SLASH2"/>
    <testcase classname="DEMO - IT.CWXTCOBG_Scenario.00001: CWXTCOBGCase1.CWXTCOBG_RPTFILE_FILE_01.00013: RPTFILE assertion" name="00012: Check for EMP_DTL_HIRE_YY"/>
    <testcase classname="DEMO - IT.CWXTCOBG_Scenario.00001: CWXTCOBGCase1.CWXTCOBG_RPTFILE_FILE_01.00013: RPTFILE assertion" name="00013: Check for FILLER4"/>
    <testcase classname="DEMO - IT.CWXTCOBG_Scenario.00001: CWXTCOBGCase1.CWXTCOBG_RPTFILE_FILE_01.00013: RPTFILE assertion" name="00014: Check for EMP_DTL_YRS_OF_SERVICE"/>
    <testcase classname="DEMO - IT.CWXTCOBG_Scenario.00001: CWXTCOBGCase1.CWXTCOBG_RPTFILE_FILE_01.00013: RPTFILE assertion" name="00015: Check for FILLER5"/>
    <testcase classname="DEMO - IT.CWXTCOBG_Scenario.00001: CWXTCOBGCase1.CWXTCOBG_RPTFILE_FILE_01.00013: RPTFILE assertion" name="00016: Check for EMP_DTL_WAGES"/>
    <testcase classname="DEMO - IT.CWXTCOBG_Scenario.00001: CWXTCOBGCase1.CWXTCOBG_RPTFILE_FILE_01.00013: RPTFILE assertion" name="00017: Check for FILLER6"/>
    <testcase classname="DEMO - IT.CWXTCOBG_Scenario.00001: CWXTCOBGCase1.CWXTCOBG_RPTFILE_FILE_01.00013: RPTFILE assertion" name="00018: Check for EMP_DTL_OT"/>
    <testcase classname="DEMO - IT.CWXTCOBG_Scenario.00001: CWXTCOBGCase1.CWXTCOBG_RPTFILE_FILE_01.00013: RPTFILE assertion" name="00019: Check for FILLER7"/>
    <testcase classname="DEMO - IT.CWXTCOBG_Scenario.00001: CWXTCOBGCase1.CWXTCOBG_RPTFILE_FILE_01.00013: RPTFILE assertion" name="00020: Check for EMP_DTL_COMM"/>
    <testcase classname="DEMO - IT.CWXTCOBG_Scenario.00001: CWXTCOBGCase1.CWXTCOBG_RPTFILE_FILE_01.00013: RPTFILE assertion" name="00021: Check for FILLER8"/>
    <testcase classname="DEMO - IT.CWXTCOBG_Scenario.00001: CWXTCOBGCase1.CWXTCOBG_RPTFILE_FILE_01.00013: RPTFILE assertion" name="00022: Check for EMP_DTL_TOTAL"/>
  </testsuite>
  <testsuite errors="0" failures="0" name="DEMO - IT.CWXTCOBG_Scenario.00001: CWXTCOBGCase1.CWXTCOBG_RPTFILE_FILE_01.00014: RPTFILE assertion" tests="151">
    <testcase classname="DEMO - IT.CWXTCOBG_Scenario.00001: CWXTCOBGCase1.CWXTCOBG_RPTFILE_FILE_01.00014: RPTFILE assertion" name="00001: Check for FILLER0"/>
    <testcase classname="DEMO - IT.CWXTCOBG_Scenario.00001: CWXTCOBGCase1.CWXTCOBG_RPTFILE_FILE_01.00014: RPTFILE assertion" name="00002: Check for EMP_DTL_NAME"/>
    <testcase classname="DEMO - IT.CWXTCOBG_Scenario.00001: CWXTCOBGCase1.CWXTCOBG_RPTFILE_FILE_01.00014: RPTFILE assertion" name="00003: Check for FILLER1"/>
    <testcase classname="DEMO - IT.CWXTCOBG_Scenario.00001: CWXTCOBGCase1.CWXTCOBG_RPTFILE_FILE_01.00014: RPTFILE assertion" name="00004: Check for EMP_DTL_REGION"/>
    <testcase classname="DEMO - IT.CWXTCOBG_Scenario.00001: CWXTCOBGCase1.CWXTCOBG_RPTFILE_FILE_01.00014: RPTFILE assertion" name="00005: Check for FILLER2"/>
    <testcase classname="DEMO - IT.CWXTCOBG_Scenario.00001: CWXTCOBGCase1.CWXTCOBG_RPTFILE_FILE_01.00014: RPTFILE assertion" name="00006: Check for EMP_DTL_TYPE"/>
    <testcase classname="DEMO - IT.CWXTCOBG_Scenario.00001: CWXTCOBGCase1.CWXTCOBG_RPTFILE_FILE_01.00014: RPTFILE assertion" name="00007: Check for FILLER3"/>
    <testcase classname="DEMO - IT.CWXTCOBG_Scenario.00001: CWXTCOBGCase1.CWXTCOBG_RPTFILE_FILE_01.00014: RPTFILE assertion" name="00008: Check for EMP_DTL_HIRE_MM"/>
    <testcase classname="DEMO - IT.CWXTCOBG_Scenario.00001: CWXTCOBGCase1.CWXTCOBG_RPTFILE_FILE_01.00014: RPTFILE assertion" name="00009: Check for EMP_DTL_SLASH1"/>
    <testcase classname="DEMO - IT.CWXTCOBG_Scenario.00001: CWXTCOBGCase1.CWXTCOBG_RPTFILE_FILE_01.00014: RPTFILE assertion" name="00010: Check for EMP_DTL_HIRE_DD"/>
    <testcase classname="DEMO - IT.CWXTCOBG_Scenario.00001: CWXTCOBGCase1.CWXTCOBG_RPTFILE_FILE_01.00014: RPTFILE assertion" name="00011: Check for EMP_DTL_SLASH2"/>
    <testcase classname="DEMO - IT.CWXTCOBG_Scenario.00001: CWXTCOBGCase1.CWXTCOBG_RPTFILE_FILE_01.00014: RPTFILE assertion" name="00012: Check for EMP_DTL_HIRE_YY"/>
    <testcase classname="DEMO - IT.CWXTCOBG_Scenario.00001: CWXTCOBGCase1.CWXTCOBG_RPTFILE_FILE_01.00014: RPTFILE assertion" name="00013: Check for FILLER4"/>
    <testcase classname="DEMO - IT.CWXTCOBG_Scenario.00001: CWXTCOBGCase1.CWXTCOBG_RPTFILE_FILE_01.00014: RPTFILE assertion" name="00014: Check for EMP_DTL_YRS_OF_SERVICE"/>
    <testcase classname="DEMO - IT.CWXTCOBG_Scenario.00001: CWXTCOBGCase1.CWXTCOBG_RPTFILE_FILE_01.00014: RPTFILE assertion" name="00015: Check for FILLER5"/>
    <testcase classname="DEMO - IT.CWXTCOBG_Scenario.00001: CWXTCOBGCase1.CWXTCOBG_RPTFILE_FILE_01.00014: RPTFILE assertion" name="00016: Check for EMP_DTL_WAGES"/>
    <testcase classname="DEMO - IT.CWXTCOBG_Scenario.00001: CWXTCOBGCase1.CWXTCOBG_RPTFILE_FILE_01.00014: RPTFILE assertion" name="00017: Check for FILLER6"/>
    <testcase classname="DEMO - IT.CWXTCOBG_Scenario.00001: CWXTCOBGCase1.CWXTCOBG_RPTFILE_FILE_01.00014: RPTFILE assertion" name="00018: Check for EMP_DTL_OT"/>
    <testcase classname="DEMO - IT.CWXTCOBG_Scenario.00001: CWXTCOBGCase1.CWXTCOBG_RPTFILE_FILE_01.00014: RPTFILE assertion" name="00019: Check for FILLER7"/>
    <testcase classname="DEMO - IT.CWXTCOBG_Scenario.00001: CWXTCOBGCase1.CWXTCOBG_RPTFILE_FILE_01.00014: RPTFILE assertion" name="00020: Check for EMP_DTL_COMM"/>
    <testcase classname="DEMO - IT.CWXTCOBG_Scenario.00001: CWXTCOBGCase1.CWXTCOBG_RPTFILE_FILE_01.00014: RPTFILE assertion" name="00021: Check for FILLER8"/>
    <testcase classname="DEMO - IT.CWXTCOBG_Scenario.00001: CWXTCOBGCase1.CWXTCOBG_RPTFILE_FILE_01.00014: RPTFILE assertion" name="00022: Check for EMP_DTL_TOTAL"/>
  </testsuite>
  <testsuite errors="0" failures="0" name="DEMO - IT.CWXTCOBG_Scenario.00001: CWXTCOBGCase1.CWXTCOBG_RPTFILE_FILE_01.00015: RPTFILE assertion" tests="152">
    <testcase classname="DEMO - IT.CWXTCOBG_Scenario.00001: CWXTCOBGCase1.CWXTCOBG_RPTFILE_FILE_01.00015: RPTFILE assertion" name="00001: Check for BLANK_LINE"/>
  </testsuite>
  <testsuite errors="0" failures="0" name="DEMO - IT.CWXTCOBG_Scenario.00001: CWXTCOBGCase1.CWXTCOBG_RPTFILE_FILE_01.00016: RPTFILE assertion" tests="156">
    <testcase classname="DEMO - IT.CWXTCOBG_Scenario.00001: CWXTCOBGCase1.CWXTCOBG_RPTFILE_FILE_01.00016: RPTFILE assertion" name="00001: Check for FILLER0"/>
    <testcase classname="DEMO - IT.CWXTCOBG_Scenario.00001: CWXTCOBGCase1.CWXTCOBG_RPTFILE_FILE_01.00016: RPTFILE assertion" name="00002: Check for FILLER1"/>
    <testcase classname="DEMO - IT.CWXTCOBG_Scenario.00001: CWXTCOBGCase1.CWXTCOBG_RPTFILE_FILE_01.00016: RPTFILE assertion" name="00003: Check for FILLER2"/>
    <testcase classname="DEMO - IT.CWXTCOBG_Scenario.00001: CWXTCOBGCase1.CWXTCOBG_RPTFILE_FILE_01.00016: RPTFILE assertion" name="00004: Check for EMP_GRAND_TOTAL"/>
  </testsuite>
  <testsuite errors="0" failures="0" name="DEMO - IT.CWXTCOBG_Scenario.00001: CWXTCOBGCase1.CWXTCOBG_DATETIME_01.00001: ACCEPT DATE assertion" tests="0">
    <testcase classname="DEMO - IT.CWXTCOBG_Scenario.00001: CWXTCOBGCase1.CWXTCOBG_DATETIME_01.00001: ACCEPT DATE assertion" name="ACCEPT DATE"/>
  </testsuite>
</testsuites>